The system is: Darwin - 18.0.0 - x86_64
Compiling the C compiler identification source file "CMakeCCompilerId.c" succeeded.
Compiler: /Library/Developer/CommandLineTools/usr/bin/cc 
Build flags: 
Id flags:  

The output was:
0


Compilation of the C compiler identification source "CMakeCCompilerId.c" produced "a.out"

The C compiler identification is AppleClang, found in "/Users/FeryalShoaib/Documents/LUMS/LUMS_F'18/Graphics/PA5-Simulation-master/build/CMakeFiles/3.12.2/CompilerIdC/a.out"

Compiling the CXX compiler identification source file "CMakeCXXCompilerId.cpp" succeeded.
Compiler: /Library/Developer/CommandLineTools/usr/bin/c++ 
Build flags: 
Id flags:  

The output was:
0


Compilation of the CXX compiler identification source "CMakeCXXCompilerId.cpp" produced "a.out"

The CXX compiler identification is AppleClang, found in "/Users/FeryalShoaib/Documents/LUMS/LUMS_F'18/Graphics/PA5-Simulation-master/build/CMakeFiles/3.12.2/CompilerIdCXX/a.out"

Determining if the C compiler works passed with the following output:
Change Dir: /Users/FeryalShoaib/Documents/LUMS/LUMS_F'18/Graphics/PA5-Simulation-master/build/CMakeFiles/CMakeTmp

Run Build Command:"/usr/bin/make" "cmTC_ba613/fast"
/Library/Developer/CommandLineTools/usr/bin/make -f CMakeFiles/cmTC_ba613.dir/build.make CMakeFiles/cmTC_ba613.dir/build
Building C object CMakeFiles/cmTC_ba613.dir/testCCompiler.c.o
/Library/Developer/CommandLineTools/usr/bin/cc   -isysroot /Library/Developer/CommandLineTools/SDKs/MacOSX10.14.sdk   -o CMakeFiles/cmTC_ba613.dir/testCCompiler.c.o   -c "/Users/FeryalShoaib/Documents/LUMS/LUMS_F'18/Graphics/PA5-Simulation-master/build/CMakeFiles/CMakeTmp/testCCompiler.c"
Linking C executable cmTC_ba613
/usr/local/Cellar/cmake/3.12.2/bin/cmake -E cmake_link_script CMakeFiles/cmTC_ba613.dir/link.txt --verbose=1
/Library/Developer/CommandLineTools/usr/bin/cc   -isysroot /Library/Developer/CommandLineTools/SDKs/MacOSX10.14.sdk -Wl,-search_paths_first -Wl,-headerpad_max_install_names   CMakeFiles/cmTC_ba613.dir/testCCompiler.c.o  -o cmTC_ba613 


Detecting C compiler ABI info compiled with the following output:
Change Dir: /Users/FeryalShoaib/Documents/LUMS/LUMS_F'18/Graphics/PA5-Simulation-master/build/CMakeFiles/CMakeTmp

Run Build Command:"/usr/bin/make" "cmTC_a6e5e/fast"
/Library/Developer/CommandLineTools/usr/bin/make -f CMakeFiles/cmTC_a6e5e.dir/build.make CMakeFiles/cmTC_a6e5e.dir/build
Building C object CMakeFiles/cmTC_a6e5e.dir/CMakeCCompilerABI.c.o
/Library/Developer/CommandLineTools/usr/bin/cc   -isysroot /Library/Developer/CommandLineTools/SDKs/MacOSX10.14.sdk   -o CMakeFiles/cmTC_a6e5e.dir/CMakeCCompilerABI.c.o   -c /usr/local/Cellar/cmake/3.12.2/share/cmake/Modules/CMakeCCompilerABI.c
Linking C executable cmTC_a6e5e
/usr/local/Cellar/cmake/3.12.2/bin/cmake -E cmake_link_script CMakeFiles/cmTC_a6e5e.dir/link.txt --verbose=1
/Library/Developer/CommandLineTools/usr/bin/cc   -isysroot /Library/Developer/CommandLineTools/SDKs/MacOSX10.14.sdk -Wl,-search_paths_first -Wl,-headerpad_max_install_names  -v -Wl,-v CMakeFiles/cmTC_a6e5e.dir/CMakeCCompilerABI.c.o  -o cmTC_a6e5e 
Apple LLVM version 10.0.0 (clang-1000.10.44.2)
Target: x86_64-apple-darwin18.0.0
Thread model: posix
InstalledDir: /Library/Developer/CommandLineTools/usr/bin
 "/Library/Developer/CommandLineTools/usr/bin/ld" -demangle -lto_library /Library/Developer/CommandLineTools/usr/lib/libLTO.dylib -dynamic -arch x86_64 -macosx_version_min 10.14.0 -syslibroot /Library/Developer/CommandLineTools/SDKs/MacOSX10.14.sdk -o cmTC_a6e5e -search_paths_first -headerpad_max_install_names -v CMakeFiles/cmTC_a6e5e.dir/CMakeCCompilerABI.c.o -lSystem /Library/Developer/CommandLineTools/usr/lib/clang/10.0.0/lib/darwin/libclang_rt.osx.a
@(#)PROGRAM:ld  PROJECT:ld64-409.12
BUILD 02:04:28 Aug 14 2018
configured to support archs: armv6 armv7 armv7s arm64 i386 x86_64 x86_64h armv6m armv7k armv7m armv7em
Library search paths:
	/Library/Developer/CommandLineTools/SDKs/MacOSX10.14.sdk/usr/lib
Framework search paths:
	/Library/Developer/CommandLineTools/SDKs/MacOSX10.14.sdk/System/Library/Frameworks/


Parsed C implicit link information from above output:
  link line regex: [^( *|.*[/\])(ld|CMAKE_LINK_STARTFILE-NOTFOUND|([^/\]+-)?ld|collect2)[^/\]*( |$)]
  ignore line: [Change Dir: /Users/FeryalShoaib/Documents/LUMS/LUMS_F'18/Graphics/PA5-Simulation-master/build/CMakeFiles/CMakeTmp]
  ignore line: []
  ignore line: [Run Build Command:"/usr/bin/make" "cmTC_a6e5e/fast"]
  ignore line: [/Library/Developer/CommandLineTools/usr/bin/make -f CMakeFiles/cmTC_a6e5e.dir/build.make CMakeFiles/cmTC_a6e5e.dir/build]
  ignore line: [Building C object CMakeFiles/cmTC_a6e5e.dir/CMakeCCompilerABI.c.o]
  ignore line: [/Library/Developer/CommandLineTools/usr/bin/cc   -isysroot /Library/Developer/CommandLineTools/SDKs/MacOSX10.14.sdk   -o CMakeFiles/cmTC_a6e5e.dir/CMakeCCompilerABI.c.o   -c /usr/local/Cellar/cmake/3.12.2/share/cmake/Modules/CMakeCCompilerABI.c]
  ignore line: [Linking C executable cmTC_a6e5e]
  ignore line: [/usr/local/Cellar/cmake/3.12.2/bin/cmake -E cmake_link_script CMakeFiles/cmTC_a6e5e.dir/link.txt --verbose=1]
  ignore line: [/Library/Developer/CommandLineTools/usr/bin/cc   -isysroot /Library/Developer/CommandLineTools/SDKs/MacOSX10.14.sdk -Wl,-search_paths_first -Wl,-headerpad_max_install_names  -v -Wl,-v CMakeFiles/cmTC_a6e5e.dir/CMakeCCompilerABI.c.o  -o cmTC_a6e5e ]
  ignore line: [Apple LLVM version 10.0.0 (clang-1000.10.44.2)]
  ignore line: [Target: x86_64-apple-darwin18.0.0]
  ignore line: [Thread model: posix]
  ignore line: [InstalledDir: /Library/Developer/CommandLineTools/usr/bin]
  link line: [ "/Library/Developer/CommandLineTools/usr/bin/ld" -demangle -lto_library /Library/Developer/CommandLineTools/usr/lib/libLTO.dylib -dynamic -arch x86_64 -macosx_version_min 10.14.0 -syslibroot /Library/Developer/CommandLineTools/SDKs/MacOSX10.14.sdk -o cmTC_a6e5e -search_paths_first -headerpad_max_install_names -v CMakeFiles/cmTC_a6e5e.dir/CMakeCCompilerABI.c.o -lSystem /Library/Developer/CommandLineTools/usr/lib/clang/10.0.0/lib/darwin/libclang_rt.osx.a]
    arg [/Library/Developer/CommandLineTools/usr/bin/ld] ==> ignore
    arg [-demangle] ==> ignore
    arg [-lto_library] ==> ignore, skip following value
    arg [/Library/Developer/CommandLineTools/usr/lib/libLTO.dylib] ==> skip value of -lto_library
    arg [-dynamic] ==> ignore
    arg [-arch] ==> ignore
    arg [x86_64] ==> ignore
    arg [-macosx_version_min] ==> ignore
    arg [10.14.0] ==> ignore
    arg [-syslibroot] ==> ignore
    arg [/Library/Developer/CommandLineTools/SDKs/MacOSX10.14.sdk] ==> ignore
    arg [-o] ==> ignore
    arg [cmTC_a6e5e] ==> ignore
    arg [-search_paths_first] ==> ignore
    arg [-headerpad_max_install_names] ==> ignore
    arg [-v] ==> ignore
    arg [CMakeFiles/cmTC_a6e5e.dir/CMakeCCompilerABI.c.o] ==> ignore
    arg [-lSystem] ==> lib [System]
    arg [/Library/Developer/CommandLineTools/usr/lib/clang/10.0.0/lib/darwin/libclang_rt.osx.a] ==> lib [/Library/Developer/CommandLineTools/usr/lib/clang/10.0.0/lib/darwin/libclang_rt.osx.a]
  Library search paths: [;/Library/Developer/CommandLineTools/SDKs/MacOSX10.14.sdk/usr/lib]
  Framework search paths: [;/Library/Developer/CommandLineTools/SDKs/MacOSX10.14.sdk/System/Library/Frameworks/]
  remove lib [System]
  remove lib [/Library/Developer/CommandLineTools/usr/lib/clang/10.0.0/lib/darwin/libclang_rt.osx.a]
  collapse library dir [/Library/Developer/CommandLineTools/SDKs/MacOSX10.14.sdk/usr/lib] ==> [/Library/Developer/CommandLineTools/SDKs/MacOSX10.14.sdk/usr/lib]
  collapse framework dir [/Library/Developer/CommandLineTools/SDKs/MacOSX10.14.sdk/System/Library/Frameworks/] ==> [/Library/Developer/CommandLineTools/SDKs/MacOSX10.14.sdk/System/Library/Frameworks]
  implicit libs: []
  implicit dirs: [/Library/Developer/CommandLineTools/SDKs/MacOSX10.14.sdk/usr/lib]
  implicit fwks: [/Library/Developer/CommandLineTools/SDKs/MacOSX10.14.sdk/System/Library/Frameworks]




Detecting C [-std=c11] compiler features compiled with the following output:
Change Dir: /Users/FeryalShoaib/Documents/LUMS/LUMS_F'18/Graphics/PA5-Simulation-master/build/CMakeFiles/CMakeTmp

Run Build Command:"/usr/bin/make" "cmTC_596ba/fast"
/Library/Developer/CommandLineTools/usr/bin/make -f CMakeFiles/cmTC_596ba.dir/build.make CMakeFiles/cmTC_596ba.dir/build
Building C object CMakeFiles/cmTC_596ba.dir/feature_tests.c.o
/Library/Developer/CommandLineTools/usr/bin/cc   -isysroot /Library/Developer/CommandLineTools/SDKs/MacOSX10.14.sdk   -std=c11 -o CMakeFiles/cmTC_596ba.dir/feature_tests.c.o   -c "/Users/FeryalShoaib/Documents/LUMS/LUMS_F'18/Graphics/PA5-Simulation-master/build/CMakeFiles/feature_tests.c"
Linking C executable cmTC_596ba
/usr/local/Cellar/cmake/3.12.2/bin/cmake -E cmake_link_script CMakeFiles/cmTC_596ba.dir/link.txt --verbose=1
/Library/Developer/CommandLineTools/usr/bin/cc   -isysroot /Library/Developer/CommandLineTools/SDKs/MacOSX10.14.sdk -Wl,-search_paths_first -Wl,-headerpad_max_install_names   CMakeFiles/cmTC_596ba.dir/feature_tests.c.o  -o cmTC_596ba 


    Feature record: C_FEATURE:1c_function_prototypes
    Feature record: C_FEATURE:1c_restrict
    Feature record: C_FEATURE:1c_static_assert
    Feature record: C_FEATURE:1c_variadic_macros


Detecting C [-std=c99] compiler features compiled with the following output:
Change Dir: /Users/FeryalShoaib/Documents/LUMS/LUMS_F'18/Graphics/PA5-Simulation-master/build/CMakeFiles/CMakeTmp

Run Build Command:"/usr/bin/make" "cmTC_6cf67/fast"
/Library/Developer/CommandLineTools/usr/bin/make -f CMakeFiles/cmTC_6cf67.dir/build.make CMakeFiles/cmTC_6cf67.dir/build
Building C object CMakeFiles/cmTC_6cf67.dir/feature_tests.c.o
/Library/Developer/CommandLineTools/usr/bin/cc   -isysroot /Library/Developer/CommandLineTools/SDKs/MacOSX10.14.sdk   -std=c99 -o CMakeFiles/cmTC_6cf67.dir/feature_tests.c.o   -c "/Users/FeryalShoaib/Documents/LUMS/LUMS_F'18/Graphics/PA5-Simulation-master/build/CMakeFiles/feature_tests.c"
Linking C executable cmTC_6cf67
/usr/local/Cellar/cmake/3.12.2/bin/cmake -E cmake_link_script CMakeFiles/cmTC_6cf67.dir/link.txt --verbose=1
/Library/Developer/CommandLineTools/usr/bin/cc   -isysroot /Library/Developer/CommandLineTools/SDKs/MacOSX10.14.sdk -Wl,-search_paths_first -Wl,-headerpad_max_install_names   CMakeFiles/cmTC_6cf67.dir/feature_tests.c.o  -o cmTC_6cf67 


    Feature record: C_FEATURE:1c_function_prototypes
    Feature record: C_FEATURE:1c_restrict
    Feature record: C_FEATURE:0c_static_assert
    Feature record: C_FEATURE:1c_variadic_macros


Detecting C [-std=c90] compiler features compiled with the following output:
Change Dir: /Users/FeryalShoaib/Documents/LUMS/LUMS_F'18/Graphics/PA5-Simulation-master/build/CMakeFiles/CMakeTmp

Run Build Command:"/usr/bin/make" "cmTC_c7f68/fast"
/Library/Developer/CommandLineTools/usr/bin/make -f CMakeFiles/cmTC_c7f68.dir/build.make CMakeFiles/cmTC_c7f68.dir/build
Building C object CMakeFiles/cmTC_c7f68.dir/feature_tests.c.o
/Library/Developer/CommandLineTools/usr/bin/cc   -isysroot /Library/Developer/CommandLineTools/SDKs/MacOSX10.14.sdk   -std=c90 -o CMakeFiles/cmTC_c7f68.dir/feature_tests.c.o   -c "/Users/FeryalShoaib/Documents/LUMS/LUMS_F'18/Graphics/PA5-Simulation-master/build/CMakeFiles/feature_tests.c"
Linking C executable cmTC_c7f68
/usr/local/Cellar/cmake/3.12.2/bin/cmake -E cmake_link_script CMakeFiles/cmTC_c7f68.dir/link.txt --verbose=1
/Library/Developer/CommandLineTools/usr/bin/cc   -isysroot /Library/Developer/CommandLineTools/SDKs/MacOSX10.14.sdk -Wl,-search_paths_first -Wl,-headerpad_max_install_names   CMakeFiles/cmTC_c7f68.dir/feature_tests.c.o  -o cmTC_c7f68 


    Feature record: C_FEATURE:1c_function_prototypes
    Feature record: C_FEATURE:0c_restrict
    Feature record: C_FEATURE:0c_static_assert
    Feature record: C_FEATURE:0c_variadic_macros
Determining if the CXX compiler works passed with the following output:
Change Dir: /Users/FeryalShoaib/Documents/LUMS/LUMS_F'18/Graphics/PA5-Simulation-master/build/CMakeFiles/CMakeTmp

Run Build Command:"/usr/bin/make" "cmTC_dfab4/fast"
/Library/Developer/CommandLineTools/usr/bin/make -f CMakeFiles/cmTC_dfab4.dir/build.make CMakeFiles/cmTC_dfab4.dir/build
Building CXX object CMakeFiles/cmTC_dfab4.dir/testCXXCompiler.cxx.o
/Library/Developer/CommandLineTools/usr/bin/c++    -isysroot /Library/Developer/CommandLineTools/SDKs/MacOSX10.14.sdk   -o CMakeFiles/cmTC_dfab4.dir/testCXXCompiler.cxx.o -c "/Users/FeryalShoaib/Documents/LUMS/LUMS_F'18/Graphics/PA5-Simulation-master/build/CMakeFiles/CMakeTmp/testCXXCompiler.cxx"
Linking CXX executable cmTC_dfab4
/usr/local/Cellar/cmake/3.12.2/bin/cmake -E cmake_link_script CMakeFiles/cmTC_dfab4.dir/link.txt --verbose=1
/Library/Developer/CommandLineTools/usr/bin/c++    -isysroot /Library/Developer/CommandLineTools/SDKs/MacOSX10.14.sdk -Wl,-search_paths_first -Wl,-headerpad_max_install_names   CMakeFiles/cmTC_dfab4.dir/testCXXCompiler.cxx.o  -o cmTC_dfab4 


Detecting CXX compiler ABI info compiled with the following output:
Change Dir: /Users/FeryalShoaib/Documents/LUMS/LUMS_F'18/Graphics/PA5-Simulation-master/build/CMakeFiles/CMakeTmp

Run Build Command:"/usr/bin/make" "cmTC_3fca1/fast"
/Library/Developer/CommandLineTools/usr/bin/make -f CMakeFiles/cmTC_3fca1.dir/build.make CMakeFiles/cmTC_3fca1.dir/build
Building CXX object CMakeFiles/cmTC_3fca1.dir/CMakeCXXCompilerABI.cpp.o
/Library/Developer/CommandLineTools/usr/bin/c++    -isysroot /Library/Developer/CommandLineTools/SDKs/MacOSX10.14.sdk   -o CMakeFiles/cmTC_3fca1.dir/CMakeCXXCompilerABI.cpp.o -c /usr/local/Cellar/cmake/3.12.2/share/cmake/Modules/CMakeCXXCompilerABI.cpp
Linking CXX executable cmTC_3fca1
/usr/local/Cellar/cmake/3.12.2/bin/cmake -E cmake_link_script CMakeFiles/cmTC_3fca1.dir/link.txt --verbose=1
/Library/Developer/CommandLineTools/usr/bin/c++    -isysroot /Library/Developer/CommandLineTools/SDKs/MacOSX10.14.sdk -Wl,-search_paths_first -Wl,-headerpad_max_install_names  -v -Wl,-v CMakeFiles/cmTC_3fca1.dir/CMakeCXXCompilerABI.cpp.o  -o cmTC_3fca1 
Apple LLVM version 10.0.0 (clang-1000.10.44.2)
Target: x86_64-apple-darwin18.0.0
Thread model: posix
InstalledDir: /Library/Developer/CommandLineTools/usr/bin
 "/Library/Developer/CommandLineTools/usr/bin/ld" -demangle -lto_library /Library/Developer/CommandLineTools/usr/lib/libLTO.dylib -dynamic -arch x86_64 -macosx_version_min 10.14.0 -syslibroot /Library/Developer/CommandLineTools/SDKs/MacOSX10.14.sdk -o cmTC_3fca1 -search_paths_first -headerpad_max_install_names -v CMakeFiles/cmTC_3fca1.dir/CMakeCXXCompilerABI.cpp.o -lc++ -lSystem /Library/Developer/CommandLineTools/usr/lib/clang/10.0.0/lib/darwin/libclang_rt.osx.a
@(#)PROGRAM:ld  PROJECT:ld64-409.12
BUILD 02:04:28 Aug 14 2018
configured to support archs: armv6 armv7 armv7s arm64 i386 x86_64 x86_64h armv6m armv7k armv7m armv7em
Library search paths:
	/Library/Developer/CommandLineTools/SDKs/MacOSX10.14.sdk/usr/lib
Framework search paths:
	/Library/Developer/CommandLineTools/SDKs/MacOSX10.14.sdk/System/Library/Frameworks/


Parsed CXX implicit link information from above output:
  link line regex: [^( *|.*[/\])(ld|CMAKE_LINK_STARTFILE-NOTFOUND|([^/\]+-)?ld|collect2)[^/\]*( |$)]
  ignore line: [Change Dir: /Users/FeryalShoaib/Documents/LUMS/LUMS_F'18/Graphics/PA5-Simulation-master/build/CMakeFiles/CMakeTmp]
  ignore line: []
  ignore line: [Run Build Command:"/usr/bin/make" "cmTC_3fca1/fast"]
  ignore line: [/Library/Developer/CommandLineTools/usr/bin/make -f CMakeFiles/cmTC_3fca1.dir/build.make CMakeFiles/cmTC_3fca1.dir/build]
  ignore line: [Building CXX object CMakeFiles/cmTC_3fca1.dir/CMakeCXXCompilerABI.cpp.o]
  ignore line: [/Library/Developer/CommandLineTools/usr/bin/c++    -isysroot /Library/Developer/CommandLineTools/SDKs/MacOSX10.14.sdk   -o CMakeFiles/cmTC_3fca1.dir/CMakeCXXCompilerABI.cpp.o -c /usr/local/Cellar/cmake/3.12.2/share/cmake/Modules/CMakeCXXCompilerABI.cpp]
  ignore line: [Linking CXX executable cmTC_3fca1]
  ignore line: [/usr/local/Cellar/cmake/3.12.2/bin/cmake -E cmake_link_script CMakeFiles/cmTC_3fca1.dir/link.txt --verbose=1]
  ignore line: [/Library/Developer/CommandLineTools/usr/bin/c++    -isysroot /Library/Developer/CommandLineTools/SDKs/MacOSX10.14.sdk -Wl,-search_paths_first -Wl,-headerpad_max_install_names  -v -Wl,-v CMakeFiles/cmTC_3fca1.dir/CMakeCXXCompilerABI.cpp.o  -o cmTC_3fca1 ]
  ignore line: [Apple LLVM version 10.0.0 (clang-1000.10.44.2)]
  ignore line: [Target: x86_64-apple-darwin18.0.0]
  ignore line: [Thread model: posix]
  ignore line: [InstalledDir: /Library/Developer/CommandLineTools/usr/bin]
  link line: [ "/Library/Developer/CommandLineTools/usr/bin/ld" -demangle -lto_library /Library/Developer/CommandLineTools/usr/lib/libLTO.dylib -dynamic -arch x86_64 -macosx_version_min 10.14.0 -syslibroot /Library/Developer/CommandLineTools/SDKs/MacOSX10.14.sdk -o cmTC_3fca1 -search_paths_first -headerpad_max_install_names -v CMakeFiles/cmTC_3fca1.dir/CMakeCXXCompilerABI.cpp.o -lc++ -lSystem /Library/Developer/CommandLineTools/usr/lib/clang/10.0.0/lib/darwin/libclang_rt.osx.a]
    arg [/Library/Developer/CommandLineTools/usr/bin/ld] ==> ignore
    arg [-demangle] ==> ignore
    arg [-lto_library] ==> ignore, skip following value
    arg [/Library/Developer/CommandLineTools/usr/lib/libLTO.dylib] ==> skip value of -lto_library
    arg [-dynamic] ==> ignore
    arg [-arch] ==> ignore
    arg [x86_64] ==> ignore
    arg [-macosx_version_min] ==> ignore
    arg [10.14.0] ==> ignore
    arg [-syslibroot] ==> ignore
    arg [/Library/Developer/CommandLineTools/SDKs/MacOSX10.14.sdk] ==> ignore
    arg [-o] ==> ignore
    arg [cmTC_3fca1] ==> ignore
    arg [-search_paths_first] ==> ignore
    arg [-headerpad_max_install_names] ==> ignore
    arg [-v] ==> ignore
    arg [CMakeFiles/cmTC_3fca1.dir/CMakeCXXCompilerABI.cpp.o] ==> ignore
    arg [-lc++] ==> lib [c++]
    arg [-lSystem] ==> lib [System]
    arg [/Library/Developer/CommandLineTools/usr/lib/clang/10.0.0/lib/darwin/libclang_rt.osx.a] ==> lib [/Library/Developer/CommandLineTools/usr/lib/clang/10.0.0/lib/darwin/libclang_rt.osx.a]
  Library search paths: [;/Library/Developer/CommandLineTools/SDKs/MacOSX10.14.sdk/usr/lib]
  Framework search paths: [;/Library/Developer/CommandLineTools/SDKs/MacOSX10.14.sdk/System/Library/Frameworks/]
  remove lib [System]
  remove lib [/Library/Developer/CommandLineTools/usr/lib/clang/10.0.0/lib/darwin/libclang_rt.osx.a]
  collapse library dir [/Library/Developer/CommandLineTools/SDKs/MacOSX10.14.sdk/usr/lib] ==> [/Library/Developer/CommandLineTools/SDKs/MacOSX10.14.sdk/usr/lib]
  collapse framework dir [/Library/Developer/CommandLineTools/SDKs/MacOSX10.14.sdk/System/Library/Frameworks/] ==> [/Library/Developer/CommandLineTools/SDKs/MacOSX10.14.sdk/System/Library/Frameworks]
  implicit libs: [c++]
  implicit dirs: [/Library/Developer/CommandLineTools/SDKs/MacOSX10.14.sdk/usr/lib]
  implicit fwks: [/Library/Developer/CommandLineTools/SDKs/MacOSX10.14.sdk/System/Library/Frameworks]




Detecting CXX [-std=c++1z] compiler features compiled with the following output:
Change Dir: /Users/FeryalShoaib/Documents/LUMS/LUMS_F'18/Graphics/PA5-Simulation-master/build/CMakeFiles/CMakeTmp

Run Build Command:"/usr/bin/make" "cmTC_5710a/fast"
/Library/Developer/CommandLineTools/usr/bin/make -f CMakeFiles/cmTC_5710a.dir/build.make CMakeFiles/cmTC_5710a.dir/build
Building CXX object CMakeFiles/cmTC_5710a.dir/feature_tests.cxx.o
/Library/Developer/CommandLineTools/usr/bin/c++    -isysroot /Library/Developer/CommandLineTools/SDKs/MacOSX10.14.sdk   -std=c++1z -o CMakeFiles/cmTC_5710a.dir/feature_tests.cxx.o -c "/Users/FeryalShoaib/Documents/LUMS/LUMS_F'18/Graphics/PA5-Simulation-master/build/CMakeFiles/feature_tests.cxx"
Linking CXX executable cmTC_5710a
/usr/local/Cellar/cmake/3.12.2/bin/cmake -E cmake_link_script CMakeFiles/cmTC_5710a.dir/link.txt --verbose=1
/Library/Developer/CommandLineTools/usr/bin/c++    -isysroot /Library/Developer/CommandLineTools/SDKs/MacOSX10.14.sdk -Wl,-search_paths_first -Wl,-headerpad_max_install_names   CMakeFiles/cmTC_5710a.dir/feature_tests.cxx.o  -o cmTC_5710a 


    Feature record: CXX_FEATURE:1cxx_aggregate_default_initializers
    Feature record: CXX_FEATURE:1cxx_alias_templates
    Feature record: CXX_FEATURE:1cxx_alignas
    Feature record: CXX_FEATURE:1cxx_alignof
    Feature record: CXX_FEATURE:1cxx_attributes
    Feature record: CXX_FEATURE:1cxx_attribute_deprecated
    Feature record: CXX_FEATURE:1cxx_auto_type
    Feature record: CXX_FEATURE:1cxx_binary_literals
    Feature record: CXX_FEATURE:1cxx_constexpr
    Feature record: CXX_FEATURE:1cxx_contextual_conversions
    Feature record: CXX_FEATURE:1cxx_decltype
    Feature record: CXX_FEATURE:1cxx_decltype_auto
    Feature record: CXX_FEATURE:1cxx_decltype_incomplete_return_types
    Feature record: CXX_FEATURE:1cxx_default_function_template_args
    Feature record: CXX_FEATURE:1cxx_defaulted_functions
    Feature record: CXX_FEATURE:1cxx_defaulted_move_initializers
    Feature record: CXX_FEATURE:1cxx_delegating_constructors
    Feature record: CXX_FEATURE:1cxx_deleted_functions
    Feature record: CXX_FEATURE:1cxx_digit_separators
    Feature record: CXX_FEATURE:1cxx_enum_forward_declarations
    Feature record: CXX_FEATURE:1cxx_explicit_conversions
    Feature record: CXX_FEATURE:1cxx_extended_friend_declarations
    Feature record: CXX_FEATURE:1cxx_extern_templates
    Feature record: CXX_FEATURE:1cxx_final
    Feature record: CXX_FEATURE:1cxx_func_identifier
    Feature record: CXX_FEATURE:1cxx_generalized_initializers
    Feature record: CXX_FEATURE:1cxx_generic_lambdas
    Feature record: CXX_FEATURE:1cxx_inheriting_constructors
    Feature record: CXX_FEATURE:1cxx_inline_namespaces
    Feature record: CXX_FEATURE:1cxx_lambdas
    Feature record: CXX_FEATURE:1cxx_lambda_init_captures
    Feature record: CXX_FEATURE:1cxx_local_type_template_args
    Feature record: CXX_FEATURE:1cxx_long_long_type
    Feature record: CXX_FEATURE:1cxx_noexcept
    Feature record: CXX_FEATURE:1cxx_nonstatic_member_init
    Feature record: CXX_FEATURE:1cxx_nullptr
    Feature record: CXX_FEATURE:1cxx_override
    Feature record: CXX_FEATURE:1cxx_range_for
    Feature record: CXX_FEATURE:1cxx_raw_string_literals
    Feature record: CXX_FEATURE:1cxx_reference_qualified_functions
    Feature record: CXX_FEATURE:1cxx_relaxed_constexpr
    Feature record: CXX_FEATURE:1cxx_return_type_deduction
    Feature record: CXX_FEATURE:1cxx_right_angle_brackets
    Feature record: CXX_FEATURE:1cxx_rvalue_references
    Feature record: CXX_FEATURE:1cxx_sizeof_member
    Feature record: CXX_FEATURE:1cxx_static_assert
    Feature record: CXX_FEATURE:1cxx_strong_enums
    Feature record: CXX_FEATURE:1cxx_template_template_parameters
    Feature record: CXX_FEATURE:1cxx_thread_local
    Feature record: CXX_FEATURE:1cxx_trailing_return_types
    Feature record: CXX_FEATURE:1cxx_unicode_literals
    Feature record: CXX_FEATURE:1cxx_uniform_initialization
    Feature record: CXX_FEATURE:1cxx_unrestricted_unions
    Feature record: CXX_FEATURE:1cxx_user_literals
    Feature record: CXX_FEATURE:1cxx_variable_templates
    Feature record: CXX_FEATURE:1cxx_variadic_macros
    Feature record: CXX_FEATURE:1cxx_variadic_templates


Detecting CXX [-std=c++14] compiler features compiled with the following output:
Change Dir: /Users/FeryalShoaib/Documents/LUMS/LUMS_F'18/Graphics/PA5-Simulation-master/build/CMakeFiles/CMakeTmp

Run Build Command:"/usr/bin/make" "cmTC_28425/fast"
/Library/Developer/CommandLineTools/usr/bin/make -f CMakeFiles/cmTC_28425.dir/build.make CMakeFiles/cmTC_28425.dir/build
Building CXX object CMakeFiles/cmTC_28425.dir/feature_tests.cxx.o
/Library/Developer/CommandLineTools/usr/bin/c++    -isysroot /Library/Developer/CommandLineTools/SDKs/MacOSX10.14.sdk   -std=c++14 -o CMakeFiles/cmTC_28425.dir/feature_tests.cxx.o -c "/Users/FeryalShoaib/Documents/LUMS/LUMS_F'18/Graphics/PA5-Simulation-master/build/CMakeFiles/feature_tests.cxx"
Linking CXX executable cmTC_28425
/usr/local/Cellar/cmake/3.12.2/bin/cmake -E cmake_link_script CMakeFiles/cmTC_28425.dir/link.txt --verbose=1
/Library/Developer/CommandLineTools/usr/bin/c++    -isysroot /Library/Developer/CommandLineTools/SDKs/MacOSX10.14.sdk -Wl,-search_paths_first -Wl,-headerpad_max_install_names   CMakeFiles/cmTC_28425.dir/feature_tests.cxx.o  -o cmTC_28425 


    Feature record: CXX_FEATURE:1cxx_aggregate_default_initializers
    Feature record: CXX_FEATURE:1cxx_alias_templates
    Feature record: CXX_FEATURE:1cxx_alignas
    Feature record: CXX_FEATURE:1cxx_alignof
    Feature record: CXX_FEATURE:1cxx_attributes
    Feature record: CXX_FEATURE:1cxx_attribute_deprecated
    Feature record: CXX_FEATURE:1cxx_auto_type
    Feature record: CXX_FEATURE:1cxx_binary_literals
    Feature record: CXX_FEATURE:1cxx_constexpr
    Feature record: CXX_FEATURE:1cxx_contextual_conversions
    Feature record: CXX_FEATURE:1cxx_decltype
    Feature record: CXX_FEATURE:1cxx_decltype_auto
    Feature record: CXX_FEATURE:1cxx_decltype_incomplete_return_types
    Feature record: CXX_FEATURE:1cxx_default_function_template_args
    Feature record: CXX_FEATURE:1cxx_defaulted_functions
    Feature record: CXX_FEATURE:1cxx_defaulted_move_initializers
    Feature record: CXX_FEATURE:1cxx_delegating_constructors
    Feature record: CXX_FEATURE:1cxx_deleted_functions
    Feature record: CXX_FEATURE:1cxx_digit_separators
    Feature record: CXX_FEATURE:1cxx_enum_forward_declarations
    Feature record: CXX_FEATURE:1cxx_explicit_conversions
    Feature record: CXX_FEATURE:1cxx_extended_friend_declarations
    Feature record: CXX_FEATURE:1cxx_extern_templates
    Feature record: CXX_FEATURE:1cxx_final
    Feature record: CXX_FEATURE:1cxx_func_identifier
    Feature record: CXX_FEATURE:1cxx_generalized_initializers
    Feature record: CXX_FEATURE:1cxx_generic_lambdas
    Feature record: CXX_FEATURE:1cxx_inheriting_constructors
    Feature record: CXX_FEATURE:1cxx_inline_namespaces
    Feature record: CXX_FEATURE:1cxx_lambdas
    Feature record: CXX_FEATURE:1cxx_lambda_init_captures
    Feature record: CXX_FEATURE:1cxx_local_type_template_args
    Feature record: CXX_FEATURE:1cxx_long_long_type
    Feature record: CXX_FEATURE:1cxx_noexcept
    Feature record: CXX_FEATURE:1cxx_nonstatic_member_init
    Feature record: CXX_FEATURE:1cxx_nullptr
    Feature record: CXX_FEATURE:1cxx_override
    Feature record: CXX_FEATURE:1cxx_range_for
    Feature record: CXX_FEATURE:1cxx_raw_string_literals
    Feature record: CXX_FEATURE:1cxx_reference_qualified_functions
    Feature record: CXX_FEATURE:1cxx_relaxed_constexpr
    Feature record: CXX_FEATURE:1cxx_return_type_deduction
    Feature record: CXX_FEATURE:1cxx_right_angle_brackets
    Feature record: CXX_FEATURE:1cxx_rvalue_references
    Feature record: CXX_FEATURE:1cxx_sizeof_member
    Feature record: CXX_FEATURE:1cxx_static_assert
    Feature record: CXX_FEATURE:1cxx_strong_enums
    Feature record: CXX_FEATURE:1cxx_template_template_parameters
    Feature record: CXX_FEATURE:1cxx_thread_local
    Feature record: CXX_FEATURE:1cxx_trailing_return_types
    Feature record: CXX_FEATURE:1cxx_unicode_literals
    Feature record: CXX_FEATURE:1cxx_uniform_initialization
    Feature record: CXX_FEATURE:1cxx_unrestricted_unions
    Feature record: CXX_FEATURE:1cxx_user_literals
    Feature record: CXX_FEATURE:1cxx_variable_templates
    Feature record: CXX_FEATURE:1cxx_variadic_macros
    Feature record: CXX_FEATURE:1cxx_variadic_templates


Detecting CXX [-std=c++11] compiler features compiled with the following output:
Change Dir: /Users/FeryalShoaib/Documents/LUMS/LUMS_F'18/Graphics/PA5-Simulation-master/build/CMakeFiles/CMakeTmp

Run Build Command:"/usr/bin/make" "cmTC_1d799/fast"
/Library/Developer/CommandLineTools/usr/bin/make -f CMakeFiles/cmTC_1d799.dir/build.make CMakeFiles/cmTC_1d799.dir/build
Building CXX object CMakeFiles/cmTC_1d799.dir/feature_tests.cxx.o
/Library/Developer/CommandLineTools/usr/bin/c++    -isysroot /Library/Developer/CommandLineTools/SDKs/MacOSX10.14.sdk   -std=c++11 -o CMakeFiles/cmTC_1d799.dir/feature_tests.cxx.o -c "/Users/FeryalShoaib/Documents/LUMS/LUMS_F'18/Graphics/PA5-Simulation-master/build/CMakeFiles/feature_tests.cxx"
Linking CXX executable cmTC_1d799
/usr/local/Cellar/cmake/3.12.2/bin/cmake -E cmake_link_script CMakeFiles/cmTC_1d799.dir/link.txt --verbose=1
/Library/Developer/CommandLineTools/usr/bin/c++    -isysroot /Library/Developer/CommandLineTools/SDKs/MacOSX10.14.sdk -Wl,-search_paths_first -Wl,-headerpad_max_install_names   CMakeFiles/cmTC_1d799.dir/feature_tests.cxx.o  -o cmTC_1d799 


    Feature record: CXX_FEATURE:0cxx_aggregate_default_initializers
    Feature record: CXX_FEATURE:1cxx_alias_templates
    Feature record: CXX_FEATURE:1cxx_alignas
    Feature record: CXX_FEATURE:1cxx_alignof
    Feature record: CXX_FEATURE:1cxx_attributes
    Feature record: CXX_FEATURE:0cxx_attribute_deprecated
    Feature record: CXX_FEATURE:1cxx_auto_type
    Feature record: CXX_FEATURE:0cxx_binary_literals
    Feature record: CXX_FEATURE:1cxx_constexpr
    Feature record: CXX_FEATURE:0cxx_contextual_conversions
    Feature record: CXX_FEATURE:1cxx_decltype
    Feature record: CXX_FEATURE:0cxx_decltype_auto
    Feature record: CXX_FEATURE:1cxx_decltype_incomplete_return_types
    Feature record: CXX_FEATURE:1cxx_default_function_template_args
    Feature record: CXX_FEATURE:1cxx_defaulted_functions
    Feature record: CXX_FEATURE:1cxx_defaulted_move_initializers
    Feature record: CXX_FEATURE:1cxx_delegating_constructors
    Feature record: CXX_FEATURE:1cxx_deleted_functions
    Feature record: CXX_FEATURE:0cxx_digit_separators
    Feature record: CXX_FEATURE:1cxx_enum_forward_declarations
    Feature record: CXX_FEATURE:1cxx_explicit_conversions
    Feature record: CXX_FEATURE:1cxx_extended_friend_declarations
    Feature record: CXX_FEATURE:1cxx_extern_templates
    Feature record: CXX_FEATURE:1cxx_final
    Feature record: CXX_FEATURE:1cxx_func_identifier
    Feature record: CXX_FEATURE:1cxx_generalized_initializers
    Feature record: CXX_FEATURE:0cxx_generic_lambdas
    Feature record: CXX_FEATURE:1cxx_inheriting_constructors
    Feature record: CXX_FEATURE:1cxx_inline_namespaces
    Feature record: CXX_FEATURE:1cxx_lambdas
    Feature record: CXX_FEATURE:0cxx_lambda_init_captures
    Feature record: CXX_FEATURE:1cxx_local_type_template_args
    Feature record: CXX_FEATURE:1cxx_long_long_type
    Feature record: CXX_FEATURE:1cxx_noexcept
    Feature record: CXX_FEATURE:1cxx_nonstatic_member_init
    Feature record: CXX_FEATURE:1cxx_nullptr
    Feature record: CXX_FEATURE:1cxx_override
    Feature record: CXX_FEATURE:1cxx_range_for
    Feature record: CXX_FEATURE:1cxx_raw_string_literals
    Feature record: CXX_FEATURE:1cxx_reference_qualified_functions
    Feature record: CXX_FEATURE:0cxx_relaxed_constexpr
    Feature record: CXX_FEATURE:0cxx_return_type_deduction
    Feature record: CXX_FEATURE:1cxx_right_angle_brackets
    Feature record: CXX_FEATURE:1cxx_rvalue_references
    Feature record: CXX_FEATURE:1cxx_sizeof_member
    Feature record: CXX_FEATURE:1cxx_static_assert
    Feature record: CXX_FEATURE:1cxx_strong_enums
    Feature record: CXX_FEATURE:1cxx_template_template_parameters
    Feature record: CXX_FEATURE:1cxx_thread_local
    Feature record: CXX_FEATURE:1cxx_trailing_return_types
    Feature record: CXX_FEATURE:1cxx_unicode_literals
    Feature record: CXX_FEATURE:1cxx_uniform_initialization
    Feature record: CXX_FEATURE:1cxx_unrestricted_unions
    Feature record: CXX_FEATURE:1cxx_user_literals
    Feature record: CXX_FEATURE:0cxx_variable_templates
    Feature record: CXX_FEATURE:1cxx_variadic_macros
    Feature record: CXX_FEATURE:1cxx_variadic_templates


Detecting CXX [-std=c++98] compiler features compiled with the following output:
Change Dir: /Users/FeryalShoaib/Documents/LUMS/LUMS_F'18/Graphics/PA5-Simulation-master/build/CMakeFiles/CMakeTmp

Run Build Command:"/usr/bin/make" "cmTC_95aed/fast"
/Library/Developer/CommandLineTools/usr/bin/make -f CMakeFiles/cmTC_95aed.dir/build.make CMakeFiles/cmTC_95aed.dir/build
Building CXX object CMakeFiles/cmTC_95aed.dir/feature_tests.cxx.o
/Library/Developer/CommandLineTools/usr/bin/c++    -isysroot /Library/Developer/CommandLineTools/SDKs/MacOSX10.14.sdk   -std=c++98 -o CMakeFiles/cmTC_95aed.dir/feature_tests.cxx.o -c "/Users/FeryalShoaib/Documents/LUMS/LUMS_F'18/Graphics/PA5-Simulation-master/build/CMakeFiles/feature_tests.cxx"
Linking CXX executable cmTC_95aed
/usr/local/Cellar/cmake/3.12.2/bin/cmake -E cmake_link_script CMakeFiles/cmTC_95aed.dir/link.txt --verbose=1
/Library/Developer/CommandLineTools/usr/bin/c++    -isysroot /Library/Developer/CommandLineTools/SDKs/MacOSX10.14.sdk -Wl,-search_paths_first -Wl,-headerpad_max_install_names   CMakeFiles/cmTC_95aed.dir/feature_tests.cxx.o  -o cmTC_95aed 


    Feature record: CXX_FEATURE:0cxx_aggregate_default_initializers
    Feature record: CXX_FEATURE:0cxx_alias_templates
    Feature record: CXX_FEATURE:0cxx_alignas
    Feature record: CXX_FEATURE:0cxx_alignof
    Feature record: CXX_FEATURE:0cxx_attributes
    Feature record: CXX_FEATURE:0cxx_attribute_deprecated
    Feature record: CXX_FEATURE:0cxx_auto_type
    Feature record: CXX_FEATURE:0cxx_binary_literals
    Feature record: CXX_FEATURE:0cxx_constexpr
    Feature record: CXX_FEATURE:0cxx_contextual_conversions
    Feature record: CXX_FEATURE:0cxx_decltype
    Feature record: CXX_FEATURE:0cxx_decltype_auto
    Feature record: CXX_FEATURE:0cxx_decltype_incomplete_return_types
    Feature record: CXX_FEATURE:0cxx_default_function_template_args
    Feature record: CXX_FEATURE:0cxx_defaulted_functions
    Feature record: CXX_FEATURE:0cxx_defaulted_move_initializers
    Feature record: CXX_FEATURE:0cxx_delegating_constructors
    Feature record: CXX_FEATURE:0cxx_deleted_functions
    Feature record: CXX_FEATURE:0cxx_digit_separators
    Feature record: CXX_FEATURE:0cxx_enum_forward_declarations
    Feature record: CXX_FEATURE:0cxx_explicit_conversions
    Feature record: CXX_FEATURE:0cxx_extended_friend_declarations
    Feature record: CXX_FEATURE:0cxx_extern_templates
    Feature record: CXX_FEATURE:0cxx_final
    Feature record: CXX_FEATURE:0cxx_func_identifier
    Feature record: CXX_FEATURE:0cxx_generalized_initializers
    Feature record: CXX_FEATURE:0cxx_generic_lambdas
    Feature record: CXX_FEATURE:0cxx_inheriting_constructors
    Feature record: CXX_FEATURE:0cxx_inline_namespaces
    Feature record: CXX_FEATURE:0cxx_lambdas
    Feature record: CXX_FEATURE:0cxx_lambda_init_captures
    Feature record: CXX_FEATURE:0cxx_local_type_template_args
    Feature record: CXX_FEATURE:0cxx_long_long_type
    Feature record: CXX_FEATURE:0cxx_noexcept
    Feature record: CXX_FEATURE:0cxx_nonstatic_member_init
    Feature record: CXX_FEATURE:0cxx_nullptr
    Feature record: CXX_FEATURE:0cxx_override
    Feature record: CXX_FEATURE:0cxx_range_for
    Feature record: CXX_FEATURE:0cxx_raw_string_literals
    Feature record: CXX_FEATURE:0cxx_reference_qualified_functions
    Feature record: CXX_FEATURE:0cxx_relaxed_constexpr
    Feature record: CXX_FEATURE:0cxx_return_type_deduction
    Feature record: CXX_FEATURE:0cxx_right_angle_brackets
    Feature record: CXX_FEATURE:0cxx_rvalue_references
    Feature record: CXX_FEATURE:0cxx_sizeof_member
    Feature record: CXX_FEATURE:0cxx_static_assert
    Feature record: CXX_FEATURE:0cxx_strong_enums
    Feature record: CXX_FEATURE:1cxx_template_template_parameters
    Feature record: CXX_FEATURE:0cxx_thread_local
    Feature record: CXX_FEATURE:0cxx_trailing_return_types
    Feature record: CXX_FEATURE:0cxx_unicode_literals
    Feature record: CXX_FEATURE:0cxx_uniform_initialization
    Feature record: CXX_FEATURE:0cxx_unrestricted_unions
    Feature record: CXX_FEATURE:0cxx_user_literals
    Feature record: CXX_FEATURE:0cxx_variable_templates
    Feature record: CXX_FEATURE:0cxx_variadic_macros
    Feature record: CXX_FEATURE:0cxx_variadic_templates
Determining if the include file pthread.h exists passed with the following output:
Change Dir: /Users/FeryalShoaib/Documents/LUMS/LUMS_F'18/Graphics/PA5-Simulation-master/build/CMakeFiles/CMakeTmp

Run Build Command:"/usr/bin/make" "cmTC_ba573/fast"
/Library/Developer/CommandLineTools/usr/bin/make -f CMakeFiles/cmTC_ba573.dir/build.make CMakeFiles/cmTC_ba573.dir/build
Building C object CMakeFiles/cmTC_ba573.dir/CheckIncludeFile.c.o
/Library/Developer/CommandLineTools/usr/bin/cc   -Wno-deprecated-declarations  -isysroot /Library/Developer/CommandLineTools/SDKs/MacOSX10.14.sdk   -o CMakeFiles/cmTC_ba573.dir/CheckIncludeFile.c.o   -c "/Users/FeryalShoaib/Documents/LUMS/LUMS_F'18/Graphics/PA5-Simulation-master/build/CMakeFiles/CMakeTmp/CheckIncludeFile.c"
Linking C executable cmTC_ba573
/usr/local/Cellar/cmake/3.12.2/bin/cmake -E cmake_link_script CMakeFiles/cmTC_ba573.dir/link.txt --verbose=1
/Library/Developer/CommandLineTools/usr/bin/cc  -Wno-deprecated-declarations  -isysroot /Library/Developer/CommandLineTools/SDKs/MacOSX10.14.sdk -Wl,-search_paths_first -Wl,-headerpad_max_install_names   CMakeFiles/cmTC_ba573.dir/CheckIncludeFile.c.o  -o cmTC_ba573 


Determining if the pthread_create exist passed with the following output:
Change Dir: /Users/FeryalShoaib/Documents/LUMS/LUMS_F'18/Graphics/PA5-Simulation-master/build/CMakeFiles/CMakeTmp

Run Build Command:"/usr/bin/make" "cmTC_84da0/fast"
/Library/Developer/CommandLineTools/usr/bin/make -f CMakeFiles/cmTC_84da0.dir/build.make CMakeFiles/cmTC_84da0.dir/build
Building C object CMakeFiles/cmTC_84da0.dir/CheckSymbolExists.c.o
/Library/Developer/CommandLineTools/usr/bin/cc   -Wno-deprecated-declarations  -isysroot /Library/Developer/CommandLineTools/SDKs/MacOSX10.14.sdk   -o CMakeFiles/cmTC_84da0.dir/CheckSymbolExists.c.o   -c "/Users/FeryalShoaib/Documents/LUMS/LUMS_F'18/Graphics/PA5-Simulation-master/build/CMakeFiles/CMakeTmp/CheckSymbolExists.c"
Linking C executable cmTC_84da0
/usr/local/Cellar/cmake/3.12.2/bin/cmake -E cmake_link_script CMakeFiles/cmTC_84da0.dir/link.txt --verbose=1
/Library/Developer/CommandLineTools/usr/bin/cc  -Wno-deprecated-declarations  -isysroot /Library/Developer/CommandLineTools/SDKs/MacOSX10.14.sdk -Wl,-search_paths_first -Wl,-headerpad_max_install_names   CMakeFiles/cmTC_84da0.dir/CheckSymbolExists.c.o  -o cmTC_84da0 

File /Users/FeryalShoaib/Documents/LUMS/LUMS_F'18/Graphics/PA5-Simulation-master/build/CMakeFiles/CMakeTmp/CheckSymbolExists.c:
/* */
#include <pthread.h>

int main(int argc, char** argv)
{
  (void)argv;
#ifndef pthread_create
  return ((int*)(&pthread_create))[argc];
#else
  (void)argc;
  return 0;
#endif
}

Performing C++ SOURCE FILE Test HAS_CPP14_FLAG succeeded with the following output:
Change Dir: /Users/FeryalShoaib/Documents/LUMS/LUMS_F'18/Graphics/PA5-Simulation-master/build/CMakeFiles/CMakeTmp

Run Build Command:"/usr/bin/make" "cmTC_acab1/fast"
/Library/Developer/CommandLineTools/usr/bin/make -f CMakeFiles/cmTC_acab1.dir/build.make CMakeFiles/cmTC_acab1.dir/build
Building CXX object CMakeFiles/cmTC_acab1.dir/src.cxx.o
/Library/Developer/CommandLineTools/usr/bin/c++    -std=c++11 -m64 -g -Wall -Wextra -DHAS_CPP14_FLAG -isysroot /Library/Developer/CommandLineTools/SDKs/MacOSX10.14.sdk   -std=c++14 -o CMakeFiles/cmTC_acab1.dir/src.cxx.o -c "/Users/FeryalShoaib/Documents/LUMS/LUMS_F'18/Graphics/PA5-Simulation-master/build/CMakeFiles/CMakeTmp/src.cxx"
Linking CXX executable cmTC_acab1
/usr/local/Cellar/cmake/3.12.2/bin/cmake -E cmake_link_script CMakeFiles/cmTC_acab1.dir/link.txt --verbose=1
/Library/Developer/CommandLineTools/usr/bin/c++   -std=c++11 -m64 -g -Wall -Wextra -DHAS_CPP14_FLAG -isysroot /Library/Developer/CommandLineTools/SDKs/MacOSX10.14.sdk -Wl,-search_paths_first -Wl,-headerpad_max_install_names   CMakeFiles/cmTC_acab1.dir/src.cxx.o  -o cmTC_acab1 

Source file was:
int main() { return 0; }
Performing C++ SOURCE FILE Test HAS_CPP11_FLAG succeeded with the following output:
Change Dir: /Users/FeryalShoaib/Documents/LUMS/LUMS_F'18/Graphics/PA5-Simulation-master/build/CMakeFiles/CMakeTmp

Run Build Command:"/usr/bin/make" "cmTC_29c5f/fast"
/Library/Developer/CommandLineTools/usr/bin/make -f CMakeFiles/cmTC_29c5f.dir/build.make CMakeFiles/cmTC_29c5f.dir/build
Building CXX object CMakeFiles/cmTC_29c5f.dir/src.cxx.o
/Library/Developer/CommandLineTools/usr/bin/c++    -std=c++11 -m64 -g -Wall -Wextra -DHAS_CPP11_FLAG -isysroot /Library/Developer/CommandLineTools/SDKs/MacOSX10.14.sdk   -std=c++11 -o CMakeFiles/cmTC_29c5f.dir/src.cxx.o -c "/Users/FeryalShoaib/Documents/LUMS/LUMS_F'18/Graphics/PA5-Simulation-master/build/CMakeFiles/CMakeTmp/src.cxx"
Linking CXX executable cmTC_29c5f
/usr/local/Cellar/cmake/3.12.2/bin/cmake -E cmake_link_script CMakeFiles/cmTC_29c5f.dir/link.txt --verbose=1
/Library/Developer/CommandLineTools/usr/bin/c++   -std=c++11 -m64 -g -Wall -Wextra -DHAS_CPP11_FLAG -isysroot /Library/Developer/CommandLineTools/SDKs/MacOSX10.14.sdk -Wl,-search_paths_first -Wl,-headerpad_max_install_names   CMakeFiles/cmTC_29c5f.dir/src.cxx.o  -o cmTC_29c5f 

Source file was:
int main() { return 0; }
Performing C++ SOURCE FILE Test HAS_LIBCPP succeeded with the following output:
Change Dir: /Users/FeryalShoaib/Documents/LUMS/LUMS_F'18/Graphics/PA5-Simulation-master/build/CMakeFiles/CMakeTmp

Run Build Command:"/usr/bin/make" "cmTC_f71fb/fast"
/Library/Developer/CommandLineTools/usr/bin/make -f CMakeFiles/cmTC_f71fb.dir/build.make CMakeFiles/cmTC_f71fb.dir/build
Building CXX object CMakeFiles/cmTC_f71fb.dir/src.cxx.o
/Library/Developer/CommandLineTools/usr/bin/c++    -std=c++11 -m64 -g -Wall -Wextra -std=c++14 -DHAS_LIBCPP -stdlib=libc++ -isysroot /Library/Developer/CommandLineTools/SDKs/MacOSX10.14.sdk   -o CMakeFiles/cmTC_f71fb.dir/src.cxx.o -c "/Users/FeryalShoaib/Documents/LUMS/LUMS_F'18/Graphics/PA5-Simulation-master/build/CMakeFiles/CMakeTmp/src.cxx"
/Users/FeryalShoaib/Documents/LUMS/LUMS_F'18/Graphics/PA5-Simulation-master/build/CMakeFiles/CMakeTmp/src.cxx:1:14: warning: unused parameter 'argc' [-Wunused-parameter]
int main(int argc, char **argv) { return 0; }
             ^
/Users/FeryalShoaib/Documents/LUMS/LUMS_F'18/Graphics/PA5-Simulation-master/build/CMakeFiles/CMakeTmp/src.cxx:1:27: warning: unused parameter 'argv' [-Wunused-parameter]
int main(int argc, char **argv) { return 0; }
                          ^
2 warnings generated.
Linking CXX executable cmTC_f71fb
/usr/local/Cellar/cmake/3.12.2/bin/cmake -E cmake_link_script CMakeFiles/cmTC_f71fb.dir/link.txt --verbose=1
/Library/Developer/CommandLineTools/usr/bin/c++   -std=c++11 -m64 -g -Wall -Wextra -std=c++14 -DHAS_LIBCPP -stdlib=libc++ -isysroot /Library/Developer/CommandLineTools/SDKs/MacOSX10.14.sdk -Wl,-search_paths_first -Wl,-headerpad_max_install_names   CMakeFiles/cmTC_f71fb.dir/src.cxx.o  -o cmTC_f71fb -stdlib=libc++ 

Return value: 1
Source file was:
int main(int argc, char **argv) { return 0; }
Performing C++ SOURCE FILE Test HAS_LIBCPPABI succeeded with the following output:
Change Dir: /Users/FeryalShoaib/Documents/LUMS/LUMS_F'18/Graphics/PA5-Simulation-master/build/CMakeFiles/CMakeTmp

Run Build Command:"/usr/bin/make" "cmTC_13763/fast"
/Library/Developer/CommandLineTools/usr/bin/make -f CMakeFiles/cmTC_13763.dir/build.make CMakeFiles/cmTC_13763.dir/build
Building CXX object CMakeFiles/cmTC_13763.dir/src.cxx.o
/Library/Developer/CommandLineTools/usr/bin/c++    -std=c++11 -m64 -g -Wall -Wextra -std=c++14 -stdlib=libc++ -DHAS_LIBCPPABI -stdlib=libc++ -isysroot /Library/Developer/CommandLineTools/SDKs/MacOSX10.14.sdk   -o CMakeFiles/cmTC_13763.dir/src.cxx.o -c "/Users/FeryalShoaib/Documents/LUMS/LUMS_F'18/Graphics/PA5-Simulation-master/build/CMakeFiles/CMakeTmp/src.cxx"
/Users/FeryalShoaib/Documents/LUMS/LUMS_F'18/Graphics/PA5-Simulation-master/build/CMakeFiles/CMakeTmp/src.cxx:1:14: warning: unused parameter 'argc' [-Wunused-parameter]
int main(int argc, char **argv) { return 0; }
             ^
/Users/FeryalShoaib/Documents/LUMS/LUMS_F'18/Graphics/PA5-Simulation-master/build/CMakeFiles/CMakeTmp/src.cxx:1:27: warning: unused parameter 'argv' [-Wunused-parameter]
int main(int argc, char **argv) { return 0; }
                          ^
2 warnings generated.
Linking CXX executable cmTC_13763
/usr/local/Cellar/cmake/3.12.2/bin/cmake -E cmake_link_script CMakeFiles/cmTC_13763.dir/link.txt --verbose=1
/Library/Developer/CommandLineTools/usr/bin/c++   -std=c++11 -m64 -g -Wall -Wextra -std=c++14 -stdlib=libc++ -DHAS_LIBCPPABI -stdlib=libc++ -isysroot /Library/Developer/CommandLineTools/SDKs/MacOSX10.14.sdk -Wl,-search_paths_first -Wl,-headerpad_max_install_names   CMakeFiles/cmTC_13763.dir/src.cxx.o  -o cmTC_13763 -stdlib=libc++ -lc++abi 

Return value: 1
Source file was:
int main(int argc, char **argv) { return 0; }
